[debug] [2026-02-01T09:34:31.508Z] ----------------------------------------------------------------------
[debug] [2026-02-01T09:34:31.510Z] Command:       C:\Program Files\nodejs\node.exe C:\Users\phani\AppData\Roaming\npm\node_modules\firebase-tools\lib\bin\firebase.js init
[debug] [2026-02-01T09:34:31.510Z] CLI Version:   15.5.1
[debug] [2026-02-01T09:34:31.510Z] Platform:      win32
[debug] [2026-02-01T09:34:31.510Z] Node Version:  v22.14.0
[debug] [2026-02-01T09:34:31.510Z] Time:          Sun Feb 01 2026 15:04:31 GMT+0530 (India Standard Time)
[debug] [2026-02-01T09:34:31.510Z] ----------------------------------------------------------------------
[debug] 
[info] 
     ######## #### ########  ######## ########     ###     ######  ########
     ##        ##  ##     ## ##       ##     ##  ##   ##  ##       ##
     ######    ##  ########  ######   ########  #########  ######  ######
     ##        ##  ##    ##  ##       ##     ## ##     ##       ## ##
     ##       #### ##     ## ######## ########  ##     ##  ######  ########

You're about to initialize a Firebase project in this directory:

  C:\Users\phani\Desktop\campus-net

[info] 
=== Project Setup
[info] 
[info] First, let's associate this project directory with a Firebase project.
[info] You can create multiple project aliases by running firebase use --add, 
[info] 
[debug] [2026-02-01T09:35:06.815Z] > command requires scopes: ["email","openid","https://www.googleapis.com/auth/cloudplatformprojects.readonly","https://www.googleapis.com/auth/firebase","https://www.googleapis.com/auth/cloud-platform"]
[debug] [2026-02-01T09:35:06.816Z] > authorizing via signed-in user (phanindhrav@gmail.com)
[debug] [2026-02-01T09:35:06.817Z] Checked if tokens are valid: true, expires at: 1769942060966
[debug] [2026-02-01T09:35:06.817Z] Checked if tokens are valid: true, expires at: 1769942060966
[debug] [2026-02-01T09:35:06.818Z] >>> [apiv2][query] GET https://firebase.googleapis.com/v1beta1/projects pageSize=100
[debug] [2026-02-01T09:35:07.471Z] <<< [apiv2][status] GET https://firebase.googleapis.com/v1beta1/projects 200
[debug] [2026-02-01T09:35:07.471Z] <<< [apiv2][body] GET https://firebase.googleapis.com/v1beta1/projects [omitted]
[info] 
=== Dataconnect Setup
[info] i  dataconnect: ensuring required API firebasedataconnect.googleapis.com is enabled... 
[debug] [2026-02-01T09:35:10.094Z] Checked if tokens are valid: true, expires at: 1769942060966
[debug] [2026-02-01T09:35:10.094Z] Checked if tokens are valid: true, expires at: 1769942060966
[info] i  dataconnect: ensuring required API sqladmin.googleapis.com is enabled... 
[debug] [2026-02-01T09:35:10.094Z] Checked if tokens are valid: true, expires at: 1769942060966
[debug] [2026-02-01T09:35:10.094Z] Checked if tokens are valid: true, expires at: 1769942060966
[debug] [2026-02-01T09:35:10.094Z] >>> [apiv2][query] GET https://serviceusage.googleapis.com/v1/projects/campus-net-cfc4a/services/firebasedataconnect.googleapis.com [none]
[debug] [2026-02-01T09:35:10.094Z] >>> [apiv2][(partial)header] GET https://serviceusage.googleapis.com/v1/projects/campus-net-cfc4a/services/firebasedataconnect.googleapis.com  x-goog-user-project=campus-net-cfc4a
[debug] [2026-02-01T09:35:10.095Z] >>> [apiv2][query] GET https://serviceusage.googleapis.com/v1/projects/campus-net-cfc4a/services/sqladmin.googleapis.com [none]
[debug] [2026-02-01T09:35:10.096Z] >>> [apiv2][(partial)header] GET https://serviceusage.googleapis.com/v1/projects/campus-net-cfc4a/services/sqladmin.googleapis.com  x-goog-user-project=campus-net-cfc4a
[debug] [2026-02-01T09:35:11.966Z] <<< [apiv2][status] GET https://serviceusage.googleapis.com/v1/projects/campus-net-cfc4a/services/firebasedataconnect.googleapis.com 200
[debug] [2026-02-01T09:35:11.966Z] <<< [apiv2][body] GET https://serviceusage.googleapis.com/v1/projects/campus-net-cfc4a/services/firebasedataconnect.googleapis.com [omitted]
[warn] !  dataconnect: missing required API firebasedataconnect.googleapis.com. Enabling now... 
[debug] [2026-02-01T09:35:11.967Z] Checked if tokens are valid: true, expires at: 1769942060966
[debug] [2026-02-01T09:35:11.967Z] Checked if tokens are valid: true, expires at: 1769942060966
[debug] [2026-02-01T09:35:11.967Z] >>> [apiv2][query] POST https://serviceusage.googleapis.com/v1/projects/campus-net-cfc4a/services/firebasedataconnect.googleapis.com:enable [none]
[debug] [2026-02-01T09:35:11.967Z] >>> [apiv2][(partial)header] POST https://serviceusage.googleapis.com/v1/projects/campus-net-cfc4a/services/firebasedataconnect.googleapis.com:enable  x-goog-user-project=campus-net-cfc4a
[debug] [2026-02-01T09:35:12.060Z] <<< [apiv2][status] GET https://serviceusage.googleapis.com/v1/projects/campus-net-cfc4a/services/sqladmin.googleapis.com 200
[debug] [2026-02-01T09:35:12.060Z] <<< [apiv2][body] GET https://serviceusage.googleapis.com/v1/projects/campus-net-cfc4a/services/sqladmin.googleapis.com [omitted]
[warn] !  dataconnect: missing required API sqladmin.googleapis.com. Enabling now... 
[debug] [2026-02-01T09:35:12.061Z] Checked if tokens are valid: true, expires at: 1769942060966
[debug] [2026-02-01T09:35:12.061Z] Checked if tokens are valid: true, expires at: 1769942060966
[debug] [2026-02-01T09:35:12.061Z] >>> [apiv2][query] POST https://serviceusage.googleapis.com/v1/projects/campus-net-cfc4a/services/sqladmin.googleapis.com:enable [none]
[debug] [2026-02-01T09:35:12.061Z] >>> [apiv2][(partial)header] POST https://serviceusage.googleapis.com/v1/projects/campus-net-cfc4a/services/sqladmin.googleapis.com:enable  x-goog-user-project=campus-net-cfc4a
[debug] [2026-02-01T09:35:12.470Z] <<< [apiv2][status] POST https://serviceusage.googleapis.com/v1/projects/campus-net-cfc4a/services/firebasedataconnect.googleapis.com:enable 200
[debug] [2026-02-01T09:35:12.470Z] <<< [apiv2][body] POST https://serviceusage.googleapis.com/v1/projects/campus-net-cfc4a/services/firebasedataconnect.googleapis.com:enable [omitted]
[debug] [2026-02-01T09:35:13.669Z] <<< [apiv2][status] POST https://serviceusage.googleapis.com/v1/projects/campus-net-cfc4a/services/sqladmin.googleapis.com:enable 200
[debug] [2026-02-01T09:35:13.670Z] <<< [apiv2][body] POST https://serviceusage.googleapis.com/v1/projects/campus-net-cfc4a/services/sqladmin.googleapis.com:enable [omitted]
[debug] [2026-02-01T09:35:23.677Z] Checked if tokens are valid: true, expires at: 1769942060966
[debug] [2026-02-01T09:35:23.677Z] Checked if tokens are valid: true, expires at: 1769942060966
[debug] [2026-02-01T09:35:23.677Z] >>> [apiv2][query] GET https://firebasedataconnect.googleapis.com/v1/projects/campus-net-cfc4a/locations/-/services [none]
[debug] [2026-02-01T09:35:25.577Z] <<< [apiv2][status] GET https://firebasedataconnect.googleapis.com/v1/projects/campus-net-cfc4a/locations/-/services 200
[debug] [2026-02-01T09:35:25.578Z] <<< [apiv2][body] GET https://firebasedataconnect.googleapis.com/v1/projects/campus-net-cfc4a/locations/-/services {}
[info] i  : ensuring required API cloudaicompanion.googleapis.com is enabled... 
[debug] [2026-02-01T09:35:30.602Z] Checked if tokens are valid: true, expires at: 1769942060966
[debug] [2026-02-01T09:35:30.602Z] Checked if tokens are valid: true, expires at: 1769942060966
[debug] [2026-02-01T09:35:30.602Z] >>> [apiv2][query] GET https://serviceusage.googleapis.com/v1/projects/campus-net-cfc4a/services/cloudaicompanion.googleapis.com [none]
[debug] [2026-02-01T09:35:30.602Z] >>> [apiv2][(partial)header] GET https://serviceusage.googleapis.com/v1/projects/campus-net-cfc4a/services/cloudaicompanion.googleapis.com  x-goog-user-project=campus-net-cfc4a
[debug] [2026-02-01T09:35:32.221Z] <<< [apiv2][status] GET https://serviceusage.googleapis.com/v1/projects/campus-net-cfc4a/services/cloudaicompanion.googleapis.com 200
[debug] [2026-02-01T09:35:32.221Z] <<< [apiv2][body] GET https://serviceusage.googleapis.com/v1/projects/campus-net-cfc4a/services/cloudaicompanion.googleapis.com [omitted]
[info] +  : required API cloudaicompanion.googleapis.com is enabled 
[debug] [2026-02-01T09:35:38.781Z] ExitPromptError: User force closed the prompt with SIGINT
    at Interface.sigint (C:\Users\phani\AppData\Roaming\npm\node_modules\firebase-tools\node_modules\@inquirer\core\dist\commonjs\lib\create-prompt.js:101:37)
    at Interface.emit (node:events:518:28)
    at [_ttyWrite] [as _ttyWrite] (node:internal/readline/interface:1124:18)
    at ReadStream.onkeypress (node:internal/readline/interface:263:20)
    at ReadStream.emit (node:events:530:35)
    at emitKeys (node:internal/readline/utils:370:14)
    at emitKeys.next (<anonymous>)
    at ReadStream.onData (node:internal/readline/emitKeypressEvents:64:36)
    at ReadStream.emit (node:events:518:28)
    at addChunk (node:internal/streams/readable:561:12)
[error] 
[error] Error: An unexpected error has occurred.
